2025-12-26 14:12:43,485 | {'timestamp': '2025-12-26T08:42:43.484947', 'login_hour': 23, 'country': 1, 'device': 1, 'confidence': 0.81, 'risk_level': 'MEDIUM', 'action': 'REQUIRE_OTP'}
2025-12-26 14:15:20,661 | {'timestamp': '2025-12-26T08:45:20.661566', 'login_hour': 11, 'country': 0, 'device': 1, 'confidence': 0.64, 'risk_level': 'LOW', 'action': 'ALLOW'}
2025-12-26 14:15:31,584 | {'timestamp': '2025-12-26T08:45:31.584143', 'login_hour': 23, 'country': 1, 'device': 1, 'confidence': 0.81, 'risk_level': 'MEDIUM', 'action': 'REQUIRE_OTP'}
2025-12-26 14:40:07,105 | {'timestamp': '2025-12-26T09:10:07.105484', 'login_hour': 14, 'country': 0, 'device': 0, 'attempt_count': 1, 'confidence': 0.59, 'risk_level': 'LOW', 'action': 'ALLOW', 'reason': 'Login behavior appears normal'}
2025-12-26 14:40:08,089 | {'timestamp': '2025-12-26T09:10:08.089006', 'login_hour': 14, 'country': 0, 'device': 0, 'attempt_count': 2, 'confidence': 0.59, 'risk_level': 'LOW', 'action': 'ALLOW', 'reason': 'Login behavior appears normal'}
2025-12-26 14:40:08,929 | {'timestamp': '2025-12-26T09:10:08.929912', 'login_hour': 14, 'country': 0, 'device': 0, 'attempt_count': 3, 'confidence': 0.59, 'risk_level': 'MEDIUM', 'action': 'REQUIRE_OTP', 'reason': 'Login behavior appears normal, Multiple login attempts detected'}
2025-12-26 14:40:11,930 | {'timestamp': '2025-12-26T09:10:11.929968', 'login_hour': 14, 'country': 0, 'device': 0, 'attempt_count': 4, 'confidence': 0.59, 'risk_level': 'MEDIUM', 'action': 'REQUIRE_OTP', 'reason': 'Login behavior appears normal, Multiple login attempts detected'}
2025-12-26 14:40:12,907 | {'timestamp': '2025-12-26T09:10:12.907522', 'login_hour': 14, 'country': 0, 'device': 0, 'attempt_count': 5, 'confidence': 0.59, 'risk_level': 'HIGH', 'action': 'BLOCK', 'reason': 'Login behavior appears normal, Multiple rapid login attempts detected'}
2025-12-30 11:33:52,379 | {'timestamp': '2025-12-30T06:03:52.379298', 'login_hour': 23, 'country': 1, 'device': 1, 'confidence': 0.81, 'risk_level': 'MEDIUM', 'action': 'REQUIRE_OTP', 'reason': 'Login at unusual hour, Login from unfamiliar country, Login from new device'}
2025-12-30 11:34:07,671 | {'timestamp': '2025-12-30T06:04:07.669921', 'login_hour': 3, 'country': 1, 'device': 1, 'confidence': 1.0, 'risk_level': 'HIGH', 'action': 'BLOCK', 'reason': 'Login at unusual hour, Login from unfamiliar country, Login from new device'}
2025-12-30 11:34:12,072 | {'timestamp': '2025-12-30T06:04:12.072625', 'login_hour': 23, 'country': 1, 'device': 1, 'confidence': 0.81, 'risk_level': 'MEDIUM', 'action': 'REQUIRE_OTP', 'reason': 'Login at unusual hour, Login from unfamiliar country, Login from new device'}
2025-12-30 11:46:32,804 | {'timestamp': '2025-12-30T06:16:32.804400', 'login_hour': 23, 'country': 1, 'device': 1, 'confidence': 0.81, 'risk_level': 'MEDIUM', 'action': 'REQUIRE_OTP', 'reason': 'Login at unusual hour, Login from unfamiliar country, Login from new device'}
2025-12-30 11:47:18,256 | {'timestamp': '2025-12-30T06:17:18.256555', 'login_hour': 3, 'country': 1, 'device': 1, 'confidence': 1.0, 'risk_level': 'HIGH', 'action': 'BLOCK', 'reason': 'Login at unusual hour, Login from unfamiliar country, Login from new device'}
2025-12-30 11:47:22,519 | {'timestamp': '2025-12-30T06:17:22.519563', 'login_hour': 23, 'country': 1, 'device': 1, 'confidence': 0.81, 'risk_level': 'MEDIUM', 'action': 'REQUIRE_OTP', 'reason': 'Login at unusual hour, Login from unfamiliar country, Login from new device'}
2025-12-30 11:51:19,708 | {'timestamp': '2025-12-30T06:21:19.707959', 'login_hour': 23, 'country': 1, 'device': 1, 'confidence': 0.81, 'risk_level': 'MEDIUM', 'action': 'REQUIRE_OTP', 'reason': 'Login at unusual hour, Login from unfamiliar country, Login from new device'}
2025-12-30 11:51:57,274 | {'timestamp': '2025-12-30T06:21:57.274700', 'login_hour': 23, 'country': 1, 'device': 1, 'confidence': 0.81, 'risk_level': 'MEDIUM', 'action': 'REQUIRE_OTP', 'reason': 'Login at unusual hour, Login from unfamiliar country, Login from new device'}
2025-12-30 12:21:36,522 | {'timestamp': '2025-12-30T06:51:36.522257', 'login_hour': 23, 'country': 1, 'device': 1, 'confidence': 0.81, 'risk_level': 'MEDIUM', 'action': 'REQUIRE_OTP', 'reason': 'Login at unusual hour, Login from unfamiliar country, Login from new device'}
2025-12-30 12:21:46,377 | {'timestamp': '2025-12-30T06:51:46.377342', 'login_hour': 23, 'country': 0, 'device': 1, 'confidence': 0.87, 'risk_level': 'HIGH', 'action': 'BLOCK', 'reason': 'Login at unusual hour, Login from new device'}
2025-12-30 12:21:49,711 | {'timestamp': '2025-12-30T06:51:49.710897', 'login_hour': 23, 'country': 0, 'device': 0, 'confidence': 0.58, 'risk_level': 'LOW', 'action': 'ALLOW', 'reason': 'Login at unusual hour'}
2025-12-30 12:27:43,310 | {'timestamp': '2025-12-30T06:57:43.309999', 'login_hour': 23, 'country': 1, 'device': 1, 'confidence': 0.81, 'risk_level': 'MEDIUM', 'action': 'REQUIRE_OTP', 'reason': 'Login at unusual hour, Login from unfamiliar country, Login from new device'}
2025-12-30 12:28:06,407 | {'timestamp': '2025-12-30T06:58:06.407830', 'login_hour': 23, 'country': 1, 'device': 1, 'confidence': 0.81, 'risk_level': 'MEDIUM', 'action': 'REQUIRE_OTP', 'reason': 'Login at unusual hour, Login from unfamiliar country, Login from new device'}
2025-12-30 12:33:11,354 | {'timestamp': '2025-12-30T07:03:11.354110', 'login_hour': 23, 'country': 1, 'device': 1, 'confidence': 0.81, 'risk_level': 'MEDIUM', 'action': 'REQUIRE_OTP', 'reason': 'Login at unusual hour, Login from unfamiliar country, Login from new device'}
2025-12-30 12:34:26,678 | {'timestamp': '2025-12-30T07:04:26.678711', 'login_hour': 23, 'country': 0, 'device': 0, 'confidence': 0.58, 'risk_level': 'LOW', 'action': 'ALLOW', 'reason': 'Login at unusual hour'}
2025-12-30 12:34:32,801 | {'timestamp': '2025-12-30T07:04:32.800950', 'login_hour': 2, 'country': 0, 'device': 0, 'confidence': 0.61, 'risk_level': 'LOW', 'action': 'ALLOW', 'reason': 'Login at unusual hour'}
2025-12-30 12:34:36,841 | {'timestamp': '2025-12-30T07:04:36.840897', 'login_hour': 11, 'country': 0, 'device': 0, 'confidence': 0.51, 'risk_level': 'LOW', 'action': 'ALLOW', 'reason': 'Login behavior appears normal'}
2025-12-30 12:34:43,665 | {'timestamp': '2025-12-30T07:04:43.665299', 'login_hour': 20, 'country': 0, 'device': 0, 'confidence': 0.52, 'risk_level': 'LOW', 'action': 'ALLOW', 'reason': 'Login behavior appears normal'}
2025-12-30 12:34:52,292 | {'timestamp': '2025-12-30T07:04:52.292117', 'login_hour': 20, 'country': 0, 'device': 1, 'confidence': 0.58, 'risk_level': 'LOW', 'action': 'ALLOW', 'reason': 'Login from new device'}
2025-12-30 12:34:58,217 | {'timestamp': '2025-12-30T07:04:58.217100', 'login_hour': 2, 'country': 0, 'device': 1, 'confidence': 0.53, 'risk_level': 'HIGH', 'action': 'BLOCK', 'reason': 'Login at unusual hour, Login from new device'}
2025-12-30 12:35:03,203 | {'timestamp': '2025-12-30T07:05:03.203059', 'login_hour': 9, 'country': 0, 'device': 1, 'confidence': 0.72, 'risk_level': 'MEDIUM', 'action': 'REQUIRE_OTP', 'reason': 'Login from new device'}
2025-12-30 12:40:34,120 | {'timestamp': '2025-12-30T07:10:34.120426', 'login_hour': 9, 'country': 0, 'device': 1, 'confidence': 0.72, 'risk_level': 'MEDIUM', 'action': 'REQUIRE_OTP', 'reason': 'Login from new device'}
2025-12-30 12:40:59,228 | {'timestamp': '2025-12-30T07:10:59.228597', 'login_hour': 9, 'country': 0, 'device': 1, 'confidence': 0.72, 'risk_level': 'MEDIUM', 'action': 'REQUIRE_OTP', 'reason': 'Login from new device'}
2025-12-30 12:41:03,934 | {'timestamp': '2025-12-30T07:11:03.934381', 'login_hour': 9, 'country': 0, 'device': 1, 'confidence': 0.72, 'risk_level': 'MEDIUM', 'action': 'REQUIRE_OTP', 'reason': 'Login from new device, Multiple login attempts detected'}
2025-12-30 12:41:10,236 | {'timestamp': '2025-12-30T07:11:10.236081', 'login_hour': 23, 'country': 1, 'device': 1, 'confidence': 0.81, 'risk_level': 'MEDIUM', 'action': 'REQUIRE_OTP', 'reason': 'Login at unusual hour, Login from unfamiliar country, Login from new device'}
2025-12-30 12:41:14,679 | {'timestamp': '2025-12-30T07:11:14.679040', 'login_hour': 23, 'country': 0, 'device': 1, 'confidence': 0.87, 'risk_level': 'HIGH', 'action': 'BLOCK', 'reason': 'Login at unusual hour, Login from new device'}
2025-12-30 12:44:42,927 | {'timestamp': '2025-12-30T07:14:42.927825', 'login_hour': 23, 'country': 0, 'device': 1, 'confidence': 0.87, 'risk_level': 'HIGH', 'action': 'BLOCK', 'reason': 'Login at unusual hour, Login from new device'}
2025-12-30 12:46:07,317 | {'timestamp': '2025-12-30T07:16:07.317757', 'login_hour': 9, 'country': 0, 'device': 0, 'confidence': 0.53, 'risk_level': 'LOW', 'action': 'ALLOW', 'reason': 'Login behavior appears normal'}
2025-12-30 12:46:21,000 | {'timestamp': '2025-12-30T07:16:21.000804', 'login_hour': 2, 'country': 1, 'device': 1, 'confidence': 1.0, 'risk_level': 'HIGH', 'action': 'BLOCK', 'reason': 'Login at unusual hour, Login from unfamiliar country, Login from new device'}
2025-12-30 12:48:52,594 | {'timestamp': '2025-12-30T07:18:52.594298', 'login_hour': 23, 'country': 0, 'device': 1, 'confidence': 0.87, 'risk_level': 'HIGH', 'action': 'BLOCK', 'reason': 'Login at unusual hour, Login from new device'}
2025-12-30 12:52:08,231 | {'timestamp': '2025-12-30T07:22:08.231290', 'login_hour': 23, 'country': 0, 'device': 1, 'confidence': 0.87, 'risk_level': 'HIGH', 'action': 'BLOCK', 'reason': 'Login at unusual hour, Login from new device'}
2025-12-30 12:58:45,823 | {'timestamp': '2025-12-30T07:28:45.823686', 'login_hour': 23, 'country': 0, 'device': 1, 'confidence': 0.87, 'risk_level': 'HIGH', 'action': 'BLOCK', 'reason': 'Login at unusual hour, Login from new device'}
2025-12-30 12:58:55,490 | {'timestamp': '2025-12-30T07:28:55.490446', 'login_hour': 23, 'country': 0, 'device': 1, 'confidence': 0.87, 'risk_level': 'HIGH', 'action': 'BLOCK', 'reason': 'Login at unusual hour, Login from new device'}
2025-12-30 12:59:14,168 | {'timestamp': '2025-12-30T07:29:14.168059', 'login_hour': 23, 'country': 0, 'device': 1, 'confidence': 0.87, 'risk_level': 'HIGH', 'action': 'BLOCK', 'reason': 'Login at unusual hour, Login from new device'}
2025-12-30 13:00:53,598 | {'timestamp': '2025-12-30T07:30:53.598211', 'login_hour': 23, 'country': 0, 'device': 1, 'confidence': 0.87, 'risk_level': 'HIGH', 'action': 'BLOCK', 'reason': 'Login at unusual hour, Login from new device'}
2025-12-30 14:24:55,944 | {'timestamp': '2025-12-30T08:54:55.944750', 'login_hour': 23, 'country': 0, 'device': 1, 'confidence': 0.87, 'risk_level': 'HIGH', 'action': 'BLOCK', 'reason': 'Login at unusual hour, Login from new device'}
2025-12-30 14:44:53,644 | {'timestamp': '2025-12-30T09:14:53.644009', 'login_hour': 23, 'country': 1, 'device': 1, 'confidence': 0.81, 'risk_level': 'MEDIUM', 'action': 'REQUIRE_OTP', 'reason': 'Login at unusual hour, Login from unfamiliar country, Login from new device'}
2025-12-30 14:47:00,896 | {'timestamp': '2025-12-30T09:17:00.896205', 'login_hour': 23, 'country': 0, 'device': 0, 'confidence': 0.58, 'risk_level': 'LOW', 'action': 'ALLOW', 'reason': 'Login at unusual hour'}
2025-12-30 14:47:15,905 | {'timestamp': '2025-12-30T09:17:15.905423', 'login_hour': 2, 'country': 1, 'device': 1, 'confidence': 1.0, 'risk_level': 'HIGH', 'action': 'BLOCK', 'reason': 'Login at unusual hour, Login from unfamiliar country, Login from new device'}
2025-12-30 14:56:49,443 | {'timestamp': '2025-12-30T09:26:49.443692', 'login_hour': 2, 'country': 1, 'device': 1, 'confidence': 1.0, 'risk_level': 'HIGH', 'action': 'BLOCK', 'reason': 'Login at unusual hour, Login from unfamiliar country, Login from new device'}
2025-12-30 14:57:00,464 | {'timestamp': '2025-12-30T09:27:00.463976', 'login_hour': 10, 'country': 0, 'device': 0, 'confidence': 0.53, 'risk_level': 'LOW', 'action': 'ALLOW', 'reason': 'Login behavior appears normal'}
2025-12-30 14:57:10,666 | {'timestamp': '2025-12-30T09:27:10.666870', 'login_hour': 23, 'country': 0, 'device': 1, 'confidence': 0.87, 'risk_level': 'HIGH', 'action': 'BLOCK', 'reason': 'Login at unusual hour, Login from new device'}
2025-12-30 14:57:18,990 | {'timestamp': '2025-12-30T09:27:18.990859', 'login_hour': 9, 'country': 0, 'device': 0, 'confidence': 0.53, 'risk_level': 'LOW', 'action': 'ALLOW', 'reason': 'Login behavior appears normal'}
2025-12-30 14:57:45,172 | {'timestamp': '2025-12-30T09:27:45.171952', 'login_hour': 2, 'country': 1, 'device': 1, 'confidence': 1.0, 'risk_level': 'HIGH', 'action': 'BLOCK', 'reason': 'Login at unusual hour, Login from unfamiliar country, Login from new device'}
2025-12-30 14:58:00,511 | {'timestamp': '2025-12-30T09:28:00.511528', 'login_hour': 10, 'country': 0, 'device': 0, 'confidence': 0.53, 'risk_level': 'LOW', 'action': 'ALLOW', 'reason': 'Login behavior appears normal'}
2025-12-30 14:58:15,599 | {'timestamp': '2025-12-30T09:28:15.599278', 'login_hour': 23, 'country': 0, 'device': 1, 'confidence': 0.87, 'risk_level': 'HIGH', 'action': 'BLOCK', 'reason': 'Login at unusual hour, Login from new device'}
2025-12-30 14:59:27,591 | {'timestamp': '2025-12-30T09:29:27.591879', 'login_hour': 10, 'country': 0, 'device': 0, 'confidence': 0.53, 'risk_level': 'LOW', 'action': 'ALLOW', 'reason': 'Login behavior appears normal'}
2025-12-30 15:03:33,933 | {'timestamp': '2025-12-30T09:33:33.933436', 'login_hour': 10, 'country': 0, 'device': 0, 'confidence': 0.53, 'risk_level': 'LOW', 'action': 'ALLOW', 'reason': 'Login behavior appears normal'}
2025-12-30 15:03:48,029 | {'timestamp': '2025-12-30T09:33:48.029819', 'login_hour': 23, 'country': 1, 'device': 1, 'confidence': 0.81, 'risk_level': 'MEDIUM', 'action': 'REQUIRE_OTP', 'reason': 'Login at unusual hour, Login from unfamiliar country, Login from new device'}
2025-12-30 15:03:55,249 | {'timestamp': '2025-12-30T09:33:55.249890', 'login_hour': 23, 'country': 0, 'device': 1, 'confidence': 0.87, 'risk_level': 'HIGH', 'action': 'BLOCK', 'reason': 'Login at unusual hour, Login from new device'}
2025-12-30 15:04:02,027 | {'timestamp': '2025-12-30T09:34:02.027564', 'login_hour': 23, 'country': 1, 'device': 0, 'confidence': 1.0, 'risk_level': 'HIGH', 'action': 'BLOCK', 'reason': 'Login at unusual hour, Login from unfamiliar country'}
2025-12-30 15:07:11,839 | {'timestamp': '2025-12-30T09:37:11.839355', 'login_hour': 23, 'country': 1, 'device': 0, 'confidence': 1.0, 'risk_level': 'HIGH', 'action': 'BLOCK', 'reason': 'Login at unusual hour, Login from unfamiliar country'}
2025-12-30 15:07:14,772 | {'timestamp': '2025-12-30T09:37:14.772527', 'login_hour': 23, 'country': 0, 'device': 0, 'confidence': 0.58, 'risk_level': 'LOW', 'action': 'ALLOW', 'reason': 'Login at unusual hour'}
2025-12-30 15:07:18,829 | {'timestamp': '2025-12-30T09:37:18.829585', 'login_hour': 9, 'country': 0, 'device': 0, 'confidence': 0.53, 'risk_level': 'LOW', 'action': 'ALLOW', 'reason': 'Login behavior appears normal'}
2025-12-30 15:07:25,284 | {'timestamp': '2025-12-30T09:37:25.284232', 'login_hour': 9, 'country': 1, 'device': 1, 'confidence': 0.83, 'risk_level': 'MEDIUM', 'action': 'REQUIRE_OTP', 'reason': 'Login from unfamiliar country, Login from new device'}
2025-12-30 15:08:10,451 | {'timestamp': '2025-12-30T09:38:10.450898', 'login_hour': 9, 'country': 1, 'device': 1, 'confidence': 0.83, 'risk_level': 'MEDIUM', 'action': 'REQUIRE_OTP', 'reason': 'Login from unfamiliar country, Login from new device'}
2025-12-30 15:08:22,062 | {'timestamp': '2025-12-30T09:38:22.062553', 'login_hour': 9, 'country': 0, 'device': 0, 'confidence': 0.53, 'risk_level': 'LOW', 'action': 'ALLOW', 'reason': 'Login behavior appears normal'}
2025-12-30 15:08:43,545 | {'timestamp': '2025-12-30T09:38:43.545176', 'login_hour': 23, 'country': 0, 'device': 1, 'confidence': 0.87, 'risk_level': 'HIGH', 'action': 'BLOCK', 'reason': 'Login at unusual hour, Login from new device'}
2025-12-30 15:13:44,814 | {'timestamp': '2025-12-30T09:43:44.814527', 'login_hour': 23, 'country': 0, 'device': 1, 'confidence': 0.87, 'risk_level': 'HIGH', 'action': 'BLOCK', 'reason': 'Login at unusual hour, Login from new device'}
2025-12-30 15:13:49,690 | {'timestamp': '2025-12-30T09:43:49.689945', 'login_hour': 9, 'country': 0, 'device': 1, 'confidence': 0.72, 'risk_level': 'MEDIUM', 'action': 'REQUIRE_OTP', 'reason': 'Login from new device'}
2025-12-30 15:13:52,592 | {'timestamp': '2025-12-30T09:43:52.592561', 'login_hour': 9, 'country': 0, 'device': 0, 'confidence': 0.53, 'risk_level': 'LOW', 'action': 'ALLOW', 'reason': 'Login behavior appears normal'}
2025-12-30 15:14:09,094 | {'timestamp': '2025-12-30T09:44:09.094453', 'login_hour': 23, 'country': 1, 'device': 1, 'confidence': 0.81, 'risk_level': 'MEDIUM', 'action': 'REQUIRE_OTP', 'reason': 'Login at unusual hour, Login from unfamiliar country, Login from new device'}
2025-12-30 15:14:16,663 | {'timestamp': '2025-12-30T09:44:16.663713', 'login_hour': 2, 'country': 1, 'device': 1, 'confidence': 1.0, 'risk_level': 'HIGH', 'action': 'BLOCK', 'reason': 'Login at unusual hour, Login from unfamiliar country, Login from new device'}
2025-12-30 15:14:23,111 | {'timestamp': '2025-12-30T09:44:23.111879', 'login_hour': 2, 'country': 1, 'device': 0, 'confidence': 1.0, 'risk_level': 'HIGH', 'action': 'BLOCK', 'reason': 'Login at unusual hour, Login from unfamiliar country'}
2025-12-30 15:14:26,132 | {'timestamp': '2025-12-30T09:44:26.132352', 'login_hour': 2, 'country': 0, 'device': 0, 'confidence': 0.61, 'risk_level': 'LOW', 'action': 'ALLOW', 'reason': 'Login at unusual hour'}
2025-12-30 15:14:33,791 | {'timestamp': '2025-12-30T09:44:33.791623', 'login_hour': 10, 'country': 0, 'device': 0, 'confidence': 0.53, 'risk_level': 'LOW', 'action': 'ALLOW', 'reason': 'Login behavior appears normal'}
2025-12-30 15:17:23,375 | {'timestamp': '2025-12-30T09:47:23.375480', 'login_hour': 10, 'country': 0, 'device': 0, 'confidence': 0.53, 'risk_level': 'LOW', 'action': 'ALLOW', 'reason': 'Login behavior appears normal'}
2025-12-30 15:17:33,681 | {'timestamp': '2025-12-30T09:47:33.681659', 'login_hour': 8, 'country': 0, 'device': 0, 'confidence': 0.53, 'risk_level': 'LOW', 'action': 'ALLOW', 'reason': 'Login behavior appears normal'}
2025-12-30 15:17:36,632 | {'timestamp': '2025-12-30T09:47:36.632614', 'login_hour': 8, 'country': 0, 'device': 1, 'confidence': 0.72, 'risk_level': 'MEDIUM', 'action': 'REQUIRE_OTP', 'reason': 'Login from new device'}
2025-12-30 15:17:45,879 | {'timestamp': '2025-12-30T09:47:45.879677', 'login_hour': 8, 'country': 1, 'device': 1, 'confidence': 0.82, 'risk_level': 'MEDIUM', 'action': 'REQUIRE_OTP', 'reason': 'Login from unfamiliar country, Login from new device'}
2025-12-30 15:17:54,550 | {'timestamp': '2025-12-30T09:47:54.550794', 'login_hour': 2, 'country': 1, 'device': 1, 'confidence': 1.0, 'risk_level': 'HIGH', 'action': 'BLOCK', 'reason': 'Login at unusual hour, Login from unfamiliar country, Login from new device'}
2025-12-30 15:18:05,275 | {'timestamp': '2025-12-30T09:48:05.274997', 'login_hour': 11, 'country': 1, 'device': 0, 'confidence': 0.92, 'risk_level': 'HIGH', 'action': 'BLOCK', 'reason': 'Login from unfamiliar country'}
2025-12-30 15:18:14,020 | {'timestamp': '2025-12-30T09:48:14.020277', 'login_hour': 11, 'country': 1, 'device': 1, 'confidence': 0.88, 'risk_level': 'MEDIUM', 'action': 'REQUIRE_OTP', 'reason': 'Login from unfamiliar country, Login from new device'}
2025-12-30 15:18:24,202 | {'timestamp': '2025-12-30T09:48:24.202530', 'login_hour': 11, 'country': 1, 'device': 0, 'confidence': 0.92, 'risk_level': 'HIGH', 'action': 'BLOCK', 'reason': 'Login from unfamiliar country'}
2025-12-30 15:18:42,984 | {'timestamp': '2025-12-30T09:48:42.984589', 'login_hour': 9, 'country': 0, 'device': 0, 'confidence': 0.53, 'risk_level': 'LOW', 'action': 'ALLOW', 'reason': 'Login behavior appears normal'}
2025-12-30 15:18:51,810 | {'timestamp': '2025-12-30T09:48:51.810561', 'login_hour': 15, 'country': 0, 'device': 1, 'confidence': 0.52, 'risk_level': 'LOW', 'action': 'ALLOW', 'reason': 'Login from new device'}
2025-12-30 15:20:39,940 | {'timestamp': '2025-12-30T09:50:39.940693', 'login_hour': 15, 'country': 1, 'device': 1, 'confidence': 1.0, 'risk_level': 'MEDIUM', 'action': 'REQUIRE_OTP', 'reason': 'Login from unfamiliar country, Login from new device'}
2025-12-30 15:23:12,154 | {'timestamp': '2025-12-30T09:53:12.153940', 'login_hour': 15, 'country': 1, 'device': 1, 'confidence': 1.0, 'risk_level': 'LOW', 'action': 'REQUIRE_OTP', 'reason': 'Login from unfamiliar country, Login from new device'}
2025-12-30 15:23:28,331 | {'timestamp': '2025-12-30T09:53:28.331306', 'login_hour': 15, 'country': 0, 'device': 1, 'confidence': 0.52, 'risk_level': 'LOW', 'action': 'REQUIRE_OTP', 'reason': 'Login from new device'}
2025-12-30 15:23:35,898 | {'timestamp': '2025-12-30T09:53:35.898526', 'login_hour': 15, 'country': 1, 'device': 1, 'confidence': 1.0, 'risk_level': 'LOW', 'action': 'REQUIRE_OTP', 'reason': 'Login from unfamiliar country, Login from new device'}
2025-12-30 15:23:48,761 | {'timestamp': '2025-12-30T09:53:48.761045', 'login_hour': 23, 'country': 1, 'device': 1, 'confidence': 0.81, 'risk_level': 'LOW', 'action': 'REQUIRE_OTP', 'reason': 'Login at unusual hour, Login from unfamiliar country, Login from new device'}
2025-12-30 15:23:54,223 | {'timestamp': '2025-12-30T09:53:54.223321', 'login_hour': 2, 'country': 1, 'device': 1, 'confidence': 1.0, 'risk_level': 'LOW', 'action': 'REQUIRE_OTP', 'reason': 'Login at unusual hour, Login from unfamiliar country, Login from new device'}
2025-12-30 15:23:59,037 | {'timestamp': '2025-12-30T09:53:59.036989', 'login_hour': 2, 'country': 0, 'device': 1, 'confidence': 0.53, 'risk_level': 'LOW', 'action': 'REQUIRE_OTP', 'reason': 'Login at unusual hour, Login from new device'}
2025-12-30 15:24:03,391 | {'timestamp': '2025-12-30T09:54:03.391555', 'login_hour': 2, 'country': 0, 'device': 0, 'confidence': 0.61, 'risk_level': 'LOW', 'action': 'ALLOW', 'reason': 'Login at unusual hour'}
2025-12-30 15:32:14,666 | {'timestamp': '2025-12-30T10:02:14.666462', 'login_hour': 23, 'country': 0, 'device': 1, 'confidence': 0.87, 'risk_level': 'LOW', 'action': 'REQUIRE_OTP', 'reason': 'Login at unusual hour, Login from new device'}
2025-12-30 15:39:45,664 | {'timestamp': '2025-12-30T10:09:45.664835', 'login_hour': 23, 'country': 0, 'device': 1, 'confidence': 0.87, 'risk_level': 'LOW', 'action': 'REQUIRE_OTP', 'reason': 'Login at unusual hour, Login from new device'}
2025-12-31 11:59:12,273 | {'timestamp': '2025-12-31T06:29:12.273243', 'login_hour': 14, 'country': 0, 'device': 0, 'prediction': 0, 'risk_level': 'LOW', 'action': 'ALLOW', 'reason': 'Login behavior appears normal'}
2025-12-31 12:00:36,394 | {'timestamp': '2025-12-31T06:30:36.394013', 'login_hour': 2, 'country': 1, 'device': 0, 'prediction': 0, 'risk_level': 'MEDIUM', 'action': 'REQUIRE_OTP', 'reason': 'Login at unusual hour, Login from new country'}
2025-12-31 12:00:52,158 | {'timestamp': '2025-12-31T06:30:52.158002', 'login_hour': 2, 'country': 1, 'device': 1, 'prediction': 0, 'risk_level': 'MEDIUM', 'action': 'REQUIRE_OTP', 'reason': 'Login at unusual hour, Login from new device, Login from new country'}
2025-12-31 12:00:59,875 | {'timestamp': '2025-12-31T06:30:59.874939', 'login_hour': 4, 'country': 1, 'device': 1, 'prediction': 0, 'risk_level': 'MEDIUM', 'action': 'REQUIRE_OTP', 'reason': 'Login at unusual hour, Login from new device, Login from new country'}
2025-12-31 12:04:25,659 | {'timestamp': '2025-12-31T06:34:25.659739', 'login_hour': 1, 'country': 1, 'device': 1, 'prediction': 0, 'risk_level': 'MEDIUM', 'action': 'REQUIRE_OTP', 'reason': 'Login at unusual hour, Login from new device, Login from new country'}
2025-12-31 16:37:51,707 | {'timestamp': '2025-12-31T11:07:51.707423', 'login_hour': 14, 'country': 0, 'device': 0, 'prediction': 0, 'risk_level': 'LOW', 'action': 'ALLOW', 'reason': 'Login behavior appears normal'}
2025-12-31 16:38:32,842 | {'timestamp': '2025-12-31T11:08:32.842543', 'login_hour': 14, 'country': 1, 'device': 1, 'prediction': 1, 'risk_level': 'HIGH', 'action': 'REQUIRE_OTP', 'reason': 'Login from new device, Login from new country'}
2025-12-31 16:38:48,108 | {'timestamp': '2025-12-31T11:08:48.108819', 'login_hour': 2, 'country': 1, 'device': 1, 'prediction': 1, 'risk_level': 'HIGH', 'action': 'REQUIRE_OTP', 'reason': 'Login at unusual hour, Login from new device, Login from new country'}
2025-12-31 16:38:55,410 | {'timestamp': '2025-12-31T11:08:55.410642', 'login_hour': 14, 'country': 1, 'device': 1, 'prediction': 1, 'risk_level': 'HIGH', 'action': 'REQUIRE_OTP', 'reason': 'Login from new device, Login from new country'}
2025-12-31 16:44:22,154 | {'timestamp': '2025-12-31T11:14:22.154013', 'login_hour': 14, 'country': 0, 'device': 0, 'confidence': 0.0, 'risk_level': 'LOW', 'action': 'ALLOW', 'reason': 'Login behavior appears normal'}
2025-12-31 16:45:06,078 | {'timestamp': '2025-12-31T11:15:06.078492', 'login_hour': 14, 'country': 1, 'device': 1, 'confidence': 0.99, 'risk_level': 'HIGH', 'action': 'REQUIRE_OTP', 'reason': 'Login from new device, Login from new country'}
2025-12-31 16:45:24,310 | {'timestamp': '2025-12-31T11:15:24.310769', 'login_hour': 2, 'country': 1, 'device': 1, 'confidence': 1.0, 'risk_level': 'HIGH', 'action': 'REQUIRE_OTP', 'reason': 'Login at unusual hour, Login from new device, Login from new country'}
2025-12-31 16:45:36,285 | {'timestamp': '2025-12-31T11:15:36.284947', 'login_hour': 14, 'country': 1, 'device': 1, 'confidence': 0.99, 'risk_level': 'HIGH', 'action': 'REQUIRE_OTP', 'reason': 'Login from new device, Login from new country'}
2025-12-31 16:48:58,754 | {'timestamp': '2025-12-31T11:18:58.754803', 'login_hour': 14, 'country': 0, 'device': 0, 'confidence': 0.0, 'risk_level': 'LOW', 'action': 'ALLOW', 'reason': 'Login behavior appears normal'}
2025-12-31 16:49:20,464 | {'timestamp': '2025-12-31T11:19:20.464137', 'login_hour': 10, 'country': 1, 'device': 0, 'confidence': 0.01, 'risk_level': 'LOW', 'action': 'ALLOW', 'reason': 'Login from new country'}
2025-12-31 16:49:48,858 | {'timestamp': '2025-12-31T11:19:48.857957', 'login_hour': 23, 'country': 0, 'device': 1, 'confidence': 0.0, 'risk_level': 'LOW', 'action': 'ALLOW', 'reason': 'Login from new device'}
2025-12-31 16:50:10,645 | {'timestamp': '2025-12-31T11:20:10.645047', 'login_hour': 14, 'country': 1, 'device': 1, 'confidence': 0.99, 'risk_level': 'MEDIUM', 'action': 'REQUIRE_OTP', 'reason': 'Login from new device, Login from new country'}
2025-12-31 16:50:47,143 | {'timestamp': '2025-12-31T11:20:47.143470', 'login_hour': 2, 'country': 1, 'device': 0, 'confidence': 1.0, 'risk_level': 'MEDIUM', 'action': 'REQUIRE_OTP', 'reason': 'Login at unusual hour, Login from new country'}
2025-12-31 16:51:11,993 | {'timestamp': '2025-12-31T11:21:11.993373', 'login_hour': 4, 'country': 0, 'device': 1, 'confidence': 1.0, 'risk_level': 'MEDIUM', 'action': 'REQUIRE_OTP', 'reason': 'Login at unusual hour, Login from new device'}
2025-12-31 16:51:41,857 | {'timestamp': '2025-12-31T11:21:41.857593', 'login_hour': 2, 'country': 1, 'device': 1, 'confidence': 1.0, 'risk_level': 'HIGH', 'action': 'REQUIRE_OTP', 'reason': 'Login at unusual hour, Login from new device, Login from new country'}
2025-12-31 16:51:58,941 | {'timestamp': '2025-12-31T11:21:58.941147', 'login_hour': 7, 'country': 1, 'device': 1, 'confidence': 1.0, 'risk_level': 'MEDIUM', 'action': 'REQUIRE_OTP', 'reason': 'Login from new device, Login from new country'}
2025-12-31 16:52:13,208 | {'timestamp': '2025-12-31T11:22:13.208021', 'login_hour': 23, 'country': 1, 'device': 1, 'confidence': 1.0, 'risk_level': 'MEDIUM', 'action': 'REQUIRE_OTP', 'reason': 'Login from new device, Login from new country'}
2025-12-31 17:05:03,484 | {'timestamp': '2025-12-31T11:35:03.484407', 'login_hour': 14, 'country': 0, 'device': 0, 'confidence': 0.0, 'risk_level': 'LOW', 'action': 'ALLOW', 'reason': 'Login behavior appears normal'}
2025-12-31 17:05:15,567 | {'timestamp': '2025-12-31T11:35:15.567067', 'login_hour': 14, 'country': 1, 'device': 0, 'confidence': 0.0, 'risk_level': 'LOW', 'action': 'ALLOW', 'reason': 'Login from new country'}
2025-12-31 17:05:27,664 | {'timestamp': '2025-12-31T11:35:27.664582', 'login_hour': 14, 'country': 1, 'device': 1, 'confidence': 1.0, 'risk_level': 'MEDIUM', 'action': 'REQUIRE_OTP', 'reason': 'Login from new device, Login from new country'}
2025-12-31 17:05:42,758 | {'timestamp': '2025-12-31T11:35:42.758280', 'login_hour': 2, 'country': 1, 'device': 1, 'confidence': 1.0, 'risk_level': 'HIGH', 'action': 'REQUIRE_OTP', 'reason': 'Login at unusual hour, Login from new device, Login from new country'}
2025-12-31 17:20:53,752 | {'timestamp': '2025-12-31T11:50:53.751845', 'login_hour': 14, 'country': 0, 'device': 0, 'probabilities': [1.0, 0.0], 'confidence': 1.0, 'risk_level': 'LOW', 'action': 'ALLOW', 'reason': 'Login behavior appears normal'}
2025-12-31 17:21:09,530 | {'timestamp': '2025-12-31T11:51:09.530215', 'login_hour': 14, 'country': 1, 'device': 1, 'probabilities': [0.0, 1.0], 'confidence': 1.0, 'risk_level': 'MEDIUM', 'action': 'REQUIRE_OTP', 'reason': 'Login from new device, Login from new country'}
2025-12-31 17:21:20,348 | {'timestamp': '2025-12-31T11:51:20.348592', 'login_hour': 2, 'country': 1, 'device': 1, 'probabilities': [0.0, 1.0], 'confidence': 1.0, 'risk_level': 'MEDIUM', 'action': 'REQUIRE_OTP', 'reason': 'Login at unusual hour, Login from new device, Login from new country'}
2025-12-31 17:21:24,098 | {'timestamp': '2025-12-31T11:51:24.098686', 'login_hour': 2, 'country': 1, 'device': 1, 'probabilities': [0.0, 1.0], 'confidence': 1.0, 'risk_level': 'MEDIUM', 'action': 'REQUIRE_OTP', 'reason': 'Login at unusual hour, Login from new device, Login from new country'}
2025-12-31 17:21:51,666 | {'timestamp': '2025-12-31T11:51:51.666159', 'login_hour': 14, 'country': 0, 'device': 0, 'probabilities': [1.0, 0.0], 'confidence': 1.0, 'risk_level': 'LOW', 'action': 'ALLOW', 'reason': 'Login behavior appears normal'}
2025-12-31 17:22:09,731 | {'timestamp': '2025-12-31T11:52:09.731502', 'login_hour': 14, 'country': 1, 'device': 1, 'probabilities': [0.0, 1.0], 'confidence': 1.0, 'risk_level': 'MEDIUM', 'action': 'REQUIRE_OTP', 'reason': 'Login from new device, Login from new country'}
2025-12-31 17:22:23,286 | {'timestamp': '2025-12-31T11:52:23.286230', 'login_hour': 2, 'country': 1, 'device': 1, 'probabilities': [0.0, 1.0], 'confidence': 1.0, 'risk_level': 'MEDIUM', 'action': 'REQUIRE_OTP', 'reason': 'Login at unusual hour, Login from new device, Login from new country'}
2025-12-31 17:27:50,166 | {'timestamp': '2025-12-31T11:57:50.166733', 'login_hour': 14, 'country': 0, 'device': 0, 'risk_level': 'LOW', 'action': 'ALLOW', 'reason': 'Login behavior appears normal'}
2025-12-31 17:28:04,970 | {'timestamp': '2025-12-31T11:58:04.970647', 'login_hour': 15, 'country': 1, 'device': 0, 'risk_level': 'LOW', 'action': 'ALLOW', 'reason': 'Login from new country'}
2025-12-31 17:28:22,353 | {'timestamp': '2025-12-31T11:58:22.353493', 'login_hour': 14, 'country': 1, 'device': 1, 'risk_level': 'MEDIUM', 'action': 'REQUIRE_OTP', 'reason': 'Login from new device, Login from new country'}
2025-12-31 17:28:40,897 | {'timestamp': '2025-12-31T11:58:40.897160', 'login_hour': 3, 'country': 1, 'device': 1, 'risk_level': 'HIGH', 'action': 'REQUIRE_OTP', 'reason': 'Login at unusual hour, Login from new device, Login from new country'}
2025-12-31 17:29:04,217 | {'timestamp': '2025-12-31T11:59:04.217002', 'login_hour': 3, 'country': 1, 'device': 1, 'risk_level': 'HIGH', 'action': 'REQUIRE_OTP', 'reason': 'Login at unusual hour, Login from new device, Login from new country'}
2025-12-31 17:29:04,653 | {'timestamp': '2025-12-31T11:59:04.653847', 'login_hour': 3, 'country': 1, 'device': 1, 'risk_level': 'HIGH', 'action': 'REQUIRE_OTP', 'reason': 'Login at unusual hour, Login from new device, Login from new country'}
2025-12-31 17:29:05,296 | {'timestamp': '2025-12-31T11:59:05.296217', 'login_hour': 3, 'country': 1, 'device': 1, 'risk_level': 'HIGH', 'action': 'REQUIRE_OTP', 'reason': 'Login at unusual hour, Login from new device, Login from new country'}
2025-12-31 17:29:05,916 | {'timestamp': '2025-12-31T11:59:05.916668', 'login_hour': 3, 'country': 1, 'device': 1, 'risk_level': 'HIGH', 'action': 'BLOCK', 'reason': 'Login at unusual hour, Login from new device, Login from new country, Multiple rapid login attempts detected'}
2025-12-31 17:29:06,506 | {'timestamp': '2025-12-31T11:59:06.506475', 'login_hour': 3, 'country': 1, 'device': 1, 'risk_level': 'HIGH', 'action': 'BLOCK', 'reason': 'Login at unusual hour, Login from new device, Login from new country, Multiple rapid login attempts detected'}
2025-12-31 17:29:22,140 | {'timestamp': '2025-12-31T11:59:22.140916', 'login_hour': 7, 'country': 1, 'device': 1, 'risk_level': 'MEDIUM', 'action': 'REQUIRE_OTP', 'reason': 'Login from new device, Login from new country'}
2025-12-31 17:30:00,533 | {'timestamp': '2025-12-31T12:00:00.533725', 'login_hour': 4, 'country': 0, 'device': 0, 'risk_level': 'LOW', 'action': 'ALLOW', 'reason': 'Login at unusual hour'}
2025-12-31 17:34:22,340 | {'timestamp': '2025-12-31T12:04:22.340416', 'login_hour': 23, 'country': 0, 'device': 1, 'risk_level': 'LOW', 'action': 'ALLOW', 'reason': 'Login from new device'}
2025-12-31 17:34:31,840 | {'timestamp': '2025-12-31T12:04:31.840760', 'login_hour': 14, 'country': 0, 'device': 0, 'risk_level': 'LOW', 'action': 'ALLOW', 'reason': 'Login behavior appears normal'}
2025-12-31 17:34:36,534 | {'timestamp': '2025-12-31T12:04:36.534791', 'login_hour': 14, 'country': 1, 'device': 1, 'risk_level': 'MEDIUM', 'action': 'REQUIRE_OTP', 'reason': 'Login from new device, Login from new country'}
2025-12-31 17:38:57,370 | {'timestamp': '2025-12-31T12:08:57.370633', 'login_hour': 14, 'country': 0, 'device': 0, 'risk_level': 'LOW', 'action': 'ALLOW', 'reason': 'Login behavior appears normal'}
2025-12-31 17:39:04,391 | {'timestamp': '2025-12-31T12:09:04.391383', 'login_hour': 14, 'country': 1, 'device': 1, 'risk_level': 'MEDIUM', 'action': 'REQUIRE_OTP', 'reason': 'Login from new device, Login from new country'}
2025-12-31 17:39:09,426 | {'timestamp': '2025-12-31T12:09:09.426268', 'login_hour': 2, 'country': 1, 'device': 1, 'risk_level': 'HIGH', 'action': 'REQUIRE_OTP', 'reason': 'Login at unusual hour, Login from new device, Login from new country'}
2025-12-31 17:39:12,080 | {'timestamp': '2025-12-31T12:09:12.080777', 'login_hour': 2, 'country': 1, 'device': 1, 'risk_level': 'HIGH', 'action': 'REQUIRE_OTP', 'reason': 'Login at unusual hour, Login from new device, Login from new country'}
2025-12-31 17:39:12,507 | {'timestamp': '2025-12-31T12:09:12.507041', 'login_hour': 2, 'country': 1, 'device': 1, 'risk_level': 'HIGH', 'action': 'REQUIRE_OTP', 'reason': 'Login at unusual hour, Login from new device, Login from new country'}
2025-12-31 17:39:12,729 | {'timestamp': '2025-12-31T12:09:12.729509', 'login_hour': 2, 'country': 1, 'device': 1, 'risk_level': 'HIGH', 'action': 'REQUIRE_OTP', 'reason': 'Login at unusual hour, Login from new device, Login from new country'}
2025-12-31 17:39:13,106 | {'timestamp': '2025-12-31T12:09:13.106228', 'login_hour': 2, 'country': 1, 'device': 1, 'risk_level': 'HIGH', 'action': 'BLOCK', 'reason': 'Login at unusual hour, Login from new device, Login from new country, Multiple rapid login attempts detected'}
2025-12-31 17:39:13,668 | {'timestamp': '2025-12-31T12:09:13.668312', 'login_hour': 2, 'country': 1, 'device': 1, 'risk_level': 'HIGH', 'action': 'BLOCK', 'reason': 'Login at unusual hour, Login from new device, Login from new country, Multiple rapid login attempts detected'}
2025-12-31 17:46:27,111 | {'timestamp': '2025-12-31T12:16:27.111280', 'login_hour': 2, 'country': 8, 'device': 1, 'risk_level': 'MEDIUM', 'action': 'REQUIRE_OTP', 'reason': 'Login at unusual hour, Login from new device'}
2025-12-31 17:46:35,613 | {'timestamp': '2025-12-31T12:16:35.613895', 'login_hour': 2, 'country': 1, 'device': 1, 'risk_level': 'HIGH', 'action': 'REQUIRE_OTP', 'reason': 'Login at unusual hour, Login from new device, Login from new country'}
2025-12-31 17:50:38,326 | {'timestamp': '2025-12-31T12:20:38.326185', 'login_hour': 2, 'country': 1, 'device': 1, 'risk_level': 'HIGH', 'action': 'REQUIRE_OTP', 'reason': 'Login at unusual hour, Login from new device, Login from new country'}
2025-12-31 17:50:44,865 | {'timestamp': '2025-12-31T12:20:44.865630', 'login_hour': 2, 'country': 0, 'device': 0, 'risk_level': 'LOW', 'action': 'ALLOW', 'reason': 'Login at unusual hour'}
2025-12-31 17:50:54,009 | {'timestamp': '2025-12-31T12:20:54.009767', 'login_hour': 2, 'country': 1, 'device': 1, 'risk_level': 'HIGH', 'action': 'REQUIRE_OTP', 'reason': 'Login at unusual hour, Login from new device, Login from new country'}
2025-12-31 17:51:01,526 | {'timestamp': '2025-12-31T12:21:01.526196', 'login_hour': 2, 'country': 1, 'device': 1, 'risk_level': 'HIGH', 'action': 'REQUIRE_OTP', 'reason': 'Login at unusual hour, Login from new device, Login from new country'}
2025-12-31 17:51:01,673 | {'timestamp': '2025-12-31T12:21:01.673919', 'login_hour': 2, 'country': 1, 'device': 1, 'risk_level': 'HIGH', 'action': 'REQUIRE_OTP', 'reason': 'Login at unusual hour, Login from new device, Login from new country'}
2025-12-31 17:51:01,838 | {'timestamp': '2025-12-31T12:21:01.838360', 'login_hour': 2, 'country': 1, 'device': 1, 'risk_level': 'HIGH', 'action': 'BLOCK', 'reason': 'Login at unusual hour, Login from new device, Login from new country, Multiple rapid login attempts detected'}
2025-12-31 17:51:01,957 | {'timestamp': '2025-12-31T12:21:01.957265', 'login_hour': 2, 'country': 1, 'device': 1, 'risk_level': 'HIGH', 'action': 'BLOCK', 'reason': 'Login at unusual hour, Login from new device, Login from new country, Multiple rapid login attempts detected'}
2025-12-31 17:51:02,186 | {'timestamp': '2025-12-31T12:21:02.186570', 'login_hour': 2, 'country': 1, 'device': 1, 'risk_level': 'HIGH', 'action': 'BLOCK', 'reason': 'Login at unusual hour, Login from new device, Login from new country, Multiple rapid login attempts detected'}
2025-12-31 17:59:40,203 | {'timestamp': '2025-12-31T12:29:40.203071', 'login_hour': 14, 'country': 0, 'device': 0, 'risk_level': 'LOW', 'action': 'ALLOW', 'reason': 'Login behavior appears normal'}
2025-12-31 18:00:07,575 | {'timestamp': '2025-12-31T12:30:07.574992', 'login_hour': 14, 'country': 1, 'device': 1, 'risk_level': 'MEDIUM', 'action': 'REQUIRE_OTP', 'reason': 'Login from new device, Login from new country'}
2025-12-31 18:01:43,182 | {'timestamp': '2025-12-31T12:31:43.182777', 'login_hour': 23, 'country': 0, 'device': 0, 'risk_level': 'LOW', 'action': 'ALLOW', 'reason': 'Login behavior appears normal'}
2025-12-31 18:01:52,168 | {'timestamp': '2025-12-31T12:31:52.168923', 'login_hour': 4, 'country': 0, 'device': 0, 'risk_level': 'LOW', 'action': 'ALLOW', 'reason': 'Login at unusual hour'}
2025-12-31 18:01:57,359 | {'timestamp': '2025-12-31T12:31:57.359678', 'login_hour': 4, 'country': 1, 'device': 1, 'risk_level': 'HIGH', 'action': 'REQUIRE_OTP', 'reason': 'Login at unusual hour, Login from new device, Login from new country'}
2025-12-31 18:02:00,388 | {'timestamp': '2025-12-31T12:32:00.388286', 'login_hour': 4, 'country': 1, 'device': 0, 'risk_level': 'MEDIUM', 'action': 'REQUIRE_OTP', 'reason': 'Login at unusual hour, Login from new country'}
2025-12-31 18:02:06,788 | {'timestamp': '2025-12-31T12:32:06.788719', 'login_hour': 4, 'country': 0, 'device': 1, 'risk_level': 'MEDIUM', 'action': 'REQUIRE_OTP', 'reason': 'Login at unusual hour, Login from new device'}
2025-12-31 19:09:44,435 | {'timestamp': '2025-12-31T13:39:44.435231', 'login_hour': 0, 'country': 0, 'device': 0, 'risk_level': 'LOW', 'action': 'ALLOW', 'reason': 'Login at unusual hour'}
2025-12-31 19:34:11,691 | {'timestamp': '2025-12-31T14:04:11.691756', 'login_hour': 9, 'country': 0, 'device': 0, 'risk_level': 'LOW', 'action': 'ALLOW', 'reason': 'Login behavior appears normal'}
2025-12-31 19:38:18,109 | {'timestamp': '2025-12-31T14:08:18.109383', 'login_hour': 14, 'country': 0, 'device': 0, 'risk_level': 'LOW', 'action': 'ALLOW', 'reason': 'Login behavior appears normal'}
2025-12-31 19:39:10,608 | {'timestamp': '2025-12-31T14:09:10.608805', 'login_hour': 18, 'country': 1, 'device': 1, 'risk_level': 'MEDIUM', 'action': 'REQUIRE_OTP', 'reason': 'Login from new device, Login from new country'}
2025-12-31 19:39:44,858 | {'timestamp': '2025-12-31T14:09:44.858280', 'login_hour': 3, 'country': 1, 'device': 1, 'risk_level': 'HIGH', 'action': 'REQUIRE_OTP', 'reason': 'Login at unusual hour, Login from new device, Login from new country'}
2025-12-31 19:40:21,353 | {'timestamp': '2025-12-31T14:10:21.353314', 'login_hour': 2, 'country': 0, 'device': 1, 'risk_level': 'MEDIUM', 'action': 'REQUIRE_OTP', 'reason': 'Login at unusual hour, Login from new device'}
2025-12-31 19:40:53,134 | {'timestamp': '2025-12-31T14:10:53.134419', 'login_hour': 2, 'country': 1, 'device': 1, 'risk_level': 'HIGH', 'action': 'REQUIRE_OTP', 'reason': 'Login at unusual hour, Login from new device, Login from new country'}
2025-12-31 19:40:53,702 | {'timestamp': '2025-12-31T14:10:53.702364', 'login_hour': 2, 'country': 1, 'device': 1, 'risk_level': 'HIGH', 'action': 'REQUIRE_OTP', 'reason': 'Login at unusual hour, Login from new device, Login from new country'}
2025-12-31 19:40:53,873 | {'timestamp': '2025-12-31T14:10:53.873740', 'login_hour': 2, 'country': 1, 'device': 1, 'risk_level': 'HIGH', 'action': 'REQUIRE_OTP', 'reason': 'Login at unusual hour, Login from new device, Login from new country'}
2025-12-31 19:40:54,003 | {'timestamp': '2025-12-31T14:10:54.003787', 'login_hour': 2, 'country': 1, 'device': 1, 'risk_level': 'HIGH', 'action': 'REQUIRE_OTP', 'reason': 'Login at unusual hour, Login from new device, Login from new country'}
2025-12-31 19:40:54,126 | {'timestamp': '2025-12-31T14:10:54.126858', 'login_hour': 2, 'country': 1, 'device': 1, 'risk_level': 'HIGH', 'action': 'BLOCK', 'reason': 'Login at unusual hour, Login from new device, Login from new country, Multiple rapid login attempts detected'}
2025-12-31 19:40:54,351 | {'timestamp': '2025-12-31T14:10:54.351784', 'login_hour': 2, 'country': 1, 'device': 1, 'risk_level': 'HIGH', 'action': 'BLOCK', 'reason': 'Login at unusual hour, Login from new device, Login from new country, Multiple rapid login attempts detected'}
